0 info it worked if it ends with ok
1 verbose cli [ '/Users/jacksonk/.nvm/versions/node/v7.4.0/bin/node',
1 verbose cli   '/Users/jacksonk/.nvm/versions/node/v7.4.0/bin/npm',
1 verbose cli   'run',
1 verbose cli   'start-dev-hmr' ]
2 info using npm@4.0.5
3 info using node@v7.4.0
4 verbose run-script [ 'prestart-dev-hmr', 'start-dev-hmr', 'poststart-dev-hmr' ]
5 info lifecycle febp@1.0.0~prestart-dev-hmr: febp@1.0.0
6 silly lifecycle febp@1.0.0~prestart-dev-hmr: no script for prestart-dev-hmr, continuing
7 info lifecycle febp@1.0.0~start-dev-hmr: febp@1.0.0
8 verbose lifecycle febp@1.0.0~start-dev-hmr: unsafe-perm in lifecycle true
9 verbose lifecycle febp@1.0.0~start-dev-hmr: PATH: /Users/jacksonk/.nvm/versions/node/v7.4.0/lib/node_modules/npm/bin/node-gyp-bin:/Users/jacksonk/Documents/febp3/node_modules/.bin:/Users/jacksonk/.virtualenvs/env1/bin:/Users/jacksonk/.nvm/versions/node/v7.4.0/bin:/usr/bin:/bin:/usr/sbin:/sbin:/usr/local/bin
10 verbose lifecycle febp@1.0.0~start-dev-hmr: CWD: /Users/jacksonk/Documents/febp3
11 silly lifecycle febp@1.0.0~start-dev-hmr: Args: [ '-c',
11 silly lifecycle   'node_modules/bin/webpack-dev-server --progress --inline --hot' ]
12 info lifecycle febp@1.0.0~start-dev-hmr: Failed to exec start-dev-hmr script
13 verbose stack Error: febp@1.0.0 start-dev-hmr: `node_modules/bin/webpack-dev-server --progress --inline --hot`
13 verbose stack spawn ENOENT
13 verbose stack     at ChildProcess.<anonymous> (/Users/jacksonk/.nvm/versions/node/v7.4.0/lib/node_modules/npm/lib/utils/spawn.js:33:16)
13 verbose stack     at emitTwo (events.js:106:13)
13 verbose stack     at ChildProcess.emit (events.js:191:7)
13 verbose stack     at maybeClose (internal/child_process.js:885:16)
13 verbose stack     at Process.ChildProcess._handle.onexit (internal/child_process.js:226:5)
14 verbose pkgid febp@1.0.0
15 verbose cwd /Users/jacksonk/Documents/febp3
16 error Darwin 13.4.0
17 error argv "/Users/jacksonk/.nvm/versions/node/v7.4.0/bin/node" "/Users/jacksonk/.nvm/versions/node/v7.4.0/bin/npm" "run" "start-dev-hmr"
18 error node v7.4.0
19 error npm  v4.0.5
20 error file sh
21 error code ELIFECYCLE
22 error errno ENOENT
23 error syscall spawn
24 error febp@1.0.0 start-dev-hmr: `node_modules/bin/webpack-dev-server --progress --inline --hot`
24 error spawn ENOENT
25 error Failed at the febp@1.0.0 start-dev-hmr script 'node_modules/bin/webpack-dev-server --progress --inline --hot'.
25 error Make sure you have the latest version of node.js and npm installed.
25 error If you do, this is most likely a problem with the febp package,
25 error not with npm itself.
25 error Tell the author that this fails on your system:
25 error     node_modules/bin/webpack-dev-server --progress --inline --hot
25 error You can get information on how to open an issue for this project with:
25 error     npm bugs febp
25 error Or if that isn't available, you can get their info via:
25 error     npm owner ls febp
25 error There is likely additional logging output above.
26 verbose exit [ 1, true ]
